<?xml version="1.0" encoding="UTF-8"?>
<!-- Generated by org.testng.reporters.JUnitReportReporter -->
<testsuite hostname="PIS076" name="Execution.AppTest" tests="1" failures="0" timestamp="11 Jul 2020 16:47:33 GMT" time="0.031" errors="0">
  <testcase name="g" time="0.031" classname="Execution.AppTest"/>
</testsuite> <!-- Execution.AppTest -->
