<?xml version="1.0" encoding="UTF-8"?>
<!-- Generated by org.testng.reporters.JUnitReportReporter -->
<testsuite skipped="0" hostname="PIS076" name="Execution.TestCaseExecution" tests="12" failures="0" timestamp="2020-12-27T21:47:53 IST" time="680.036" errors="0">
  <testcase name="LoginTest" time="16.058" classname="Execution.TestCaseExecution"/>
  <system-out/>
  <testcase name="Tabasset" time="48.889" classname="Execution.TestCaseExecution"/>
  <system-out/>
  <testcase name="singlequote" time="72.970" classname="Execution.TestCaseExecution"/>
  <system-out/>
  <testcase name="singlequoteapproval" time="17.726" classname="Execution.TestCaseExecution"/>
  <system-out/>
  <testcase name="singlequoteconverttolead" time="15.944" classname="Execution.TestCaseExecution"/>
  <system-out/>
  <testcase name="TabLease" time="65.487" classname="Execution.TestCaseExecution"/>
  <system-out/>
  <testcase name="createmultiquotesformultivehicles" time="84.559" classname="Execution.TestCaseExecution"/>
  <system-out/>
  <testcase name="CreateLesseeRecord" time="40.819" classname="Execution.TestCaseExecution"/>
  <system-out/>
  <testcase name="CreateSupplierRecord" time="79.584" classname="Execution.TestCaseExecution"/>
  <system-out/>
  <testcase name="CreateBuyersRecord" time="75.178" classname="Execution.TestCaseExecution"/>
  <system-out/>
  <testcase name="CreatemultiplequoteforIndependentvehicle" time="84.495" classname="Execution.TestCaseExecution"/>
  <system-out/>
  <testcase name="Createmultiplequoteforsinglevehicle" time="78.327" classname="Execution.TestCaseExecution"/>
  <system-out/>
</testsuite> <!-- Execution.TestCaseExecution -->
