<?xml version="1.0" encoding="UTF-8"?>
<!-- Generated by org.testng.reporters.JUnitReportReporter -->
<testsuite skipped="2" hostname="PIS076" name="Execution.TestCaseExecution" tests="4" failures="0" timestamp="2020-12-15T00:16:37 IST" time="80.440" errors="0">
  <testcase name="LoginTest" time="13.837" classname="Execution.TestCaseExecution"/>
  <system-out/>
  <testcase name="singlequote" time="66.603" classname="Execution.TestCaseExecution"/>
  <system-out/>
  <testcase name="Converttoleasesinglequote" classname="Execution.TestCaseExecution">
    <skipped/>
  </testcase> <!-- Converttoleasesinglequote -->
  <system-out/>
  <testcase name="Approvesinglequote" classname="Execution.TestCaseExecution">
    <skipped/>
  </testcase> <!-- Approvesinglequote -->
  <system-out/>
</testsuite> <!-- Execution.TestCaseExecution -->
